[LOG] System::create                           : Header version = 2.02.04. Current version = 2.02.04.
[LOG] Manager::init                            : maxchannels = 256 studioflags = 00000006 flags 00000000 extradriverdata 0000000000000000.
[LOG] SystemI::init                            : Initialize version=20204 (121702), maxchannels=256, flags=0x00020000
[LOG] SystemI::setOutputInternal               : Setting output to 'FMOD WASAPI Output'
[LOG] OutputWASAPI::init                       : Mix Format (WAVEFORMATEX): wFormatTag=0xFFFE, nChannels=2, nSamplesPerSec=48000, nAvgBytesPerSec=384000, nBlockAlign=8, wBitsPerSample=32, cbSize=22.
[LOG] OutputWASAPI::init                       : Mix Format (WAVEFORMATEXTENSIBLE): wValidBitsPerSample=32, dwChannelMask=0x00000003, SubFormat=00000003-0000-0010-8000-00AA00389B71.
[LOG] OutputWASAPI::init                       : Output buffer size: 4096 samples, latency: 0.00ms, period: 10.00ms, DSP buffer: 1024 * 4
[LOG] Thread::initThread                       : Init FMOD stream thread. Affinity: 0x4000000000000003, Priority: 0xFFFF7FFB, Stack Size: 98304, Semaphore: No, Sleep Time: 10, Looping: Yes.
[LOG] Thread::initThread                       : Init FMOD mixer thread. Affinity: 0x4000000000000001, Priority: 0xFFFF7FFA, Stack Size: 81920, Semaphore: No, Sleep Time: 0, Looping: Yes.
[LOG] AsyncManager::init                       : manager 000002852595CD08 isAsync 0 updatePeriod 0.02
[LOG] AsyncManager::init                       : done
[LOG] PlaybackSystem::init                     : 
[LOG] Thread::initThread                       : Init FMOD Studio sample load thread. Affinity: 0x4000000000000003, Priority: 0xFFFF7FFD, Stack Size: 98304, Semaphore: No, Sleep Time: 1, Looping: No.
[LOG] PlaybackSystem::init                     : done
[LOG] Thread::initThread                       : Init FMOD Studio bank load thread. Affinity: 0x4000000000000003, Priority: 0xFFFF7FFD, Stack Size: 98304, Semaphore: No, Sleep Time: 1, Looping: No.
[LOG] Manager::init                            : done.
[LOG] Manager::readBank                        : fileversion = 141, compatVersion = 140 (oldest = 44, newest = 141)
[LOG] Manager::readBank                        : fileversion = 141, compatVersion = 140 (oldest = 44, newest = 141)
[LOG] Manager::readBank                        : fileversion = 141, compatVersion = 140 (oldest = 44, newest = 141)
[LOG] PlaybackSystem::acquireMasterBus         : Setting master channel group format to 6
[LOG] SystemI::createSound                     : filename = Assets/Desktop/Master.bank : mode 02010082
[LOG] SystemI::createSound                     : FMOD_NONBLOCKING specified.  Putting into queue to be opened asynchronously!
[LOG] SystemI::createSound                     : setdata soundi = 000002873374D698 : node = 000002872B058230
[LOG] SystemI::createSound                     : add node to async list : head = 0000028525B32668.  list count = 0
[LOG] AsyncThread::threadFunc                  : Starting Asynchronous operation on sound 000002873374D698
[LOG] SystemI::createSoundInternal             :     Create name='Assets/Desktop/Master.bank', mode=0x02010082
[LOG] SystemI::createSoundInternal             :     exinfo->cbsize             = 224
[LOG] SystemI::createSoundInternal             :     exinfo->length             = 3657472
[LOG] SystemI::createSoundInternal             :     exinfo->fileoffset         = 33280
[LOG] SystemI::createSoundInternal             :     exinfo->numsubsounds       = 1
[LOG] SystemI::createSoundInternal             :     exinfo->inclusionlist      = 000002872B058340
[LOG] SystemI::createSoundInternal             :     exinfo->inclusionlistnum   = 1
[LOG] SystemI::createSoundInternal             :     exinfo->suggestedsoundtype = 5
[LOG] SystemI::createSoundInternal             :     exinfo->initialseekpostype = 1
[LOG] SystemI::createSoundInternal             :     Stream 0/1: name='Panting 02', format=5, channels=2, frequency=48000, lengthbytes=135712, lengthpcm=720000, pcmblocksize=0, loopstart=0, loopend=0, mode=0x00000000, channelmask=0x00000000, channelorder=0, peakvolume=0.346363.
[LOG] AsyncThread::threadFunc                  : Finished Asynchronous operation on sound 000002873374D698
[LOG] SoundI::release                          : Panting 02 (0000028733756968)
[LOG] SoundI::release                          :     Panting 02 (00000286E354AE88)
[LOG] SoundI::release                          :     Panting 02 (0000028733753368)
[LOG] AsyncThread::threadFunc                  : Starting Asynchronous operation on sound 0000028733756E78
[LOG] AsyncThread::threadFunc                  : Finished Asynchronous operation on sound 0000028733756E78
[LOG] SystemI::createSound                     : filename = Assets/Desktop/Master.bank : mode 02010082
[LOG] SystemI::createSound                     : FMOD_NONBLOCKING specified.  Putting into queue to be opened asynchronously!
[LOG] SystemI::createSound                     : setdata soundi = 0000028733753368 : node = 000002872B058730
[LOG] SystemI::createSound                     : add node to async list : head = 0000028525B32668.  list count = 0
[LOG] AsyncThread::threadFunc                  : Starting Asynchronous operation on sound 0000028733753368
[LOG] SystemI::createSoundInternal             :     Create name='Assets/Desktop/Master.bank', mode=0x02010082
[LOG] SystemI::createSoundInternal             :     exinfo->cbsize             = 224
[LOG] SystemI::createSoundInternal             :     exinfo->length             = 3657472
[LOG] SystemI::createSoundInternal             :     exinfo->fileoffset         = 33280
[LOG] SystemI::createSoundInternal             :     exinfo->numsubsounds       = 1
[LOG] SystemI::createSoundInternal             :     exinfo->inclusionlist      = 000002872B058840
[LOG] SystemI::createSoundInternal             :     exinfo->inclusionlistnum   = 1
[LOG] SystemI::createSoundInternal             :     exinfo->suggestedsoundtype = 5
[LOG] SystemI::createSoundInternal             :     exinfo->initialseekpostype = 1
[LOG] SystemI::createSoundInternal             :     Stream 0/1: name='Panting 02', format=5, channels=2, frequency=48000, lengthbytes=135712, lengthpcm=720000, pcmblocksize=0, loopstart=0, loopend=0, mode=0x00000000, channelmask=0x00000000, channelorder=0, peakvolume=0.346363.
[LOG] AsyncThread::threadFunc                  : Finished Asynchronous operation on sound 0000028733753368
[LOG] SoundI::release                          : Panting 02 (000002873374D698)
[LOG] SoundI::release                          :     Panting 02 (000002873421BAF8)
[LOG] SoundI::release                          :     Panting 02 (0000028733752798)
[LOG] SystemI::createSoundInternal             : Create name='', mode=0x02000202
[LOG] SystemI::createSoundInternal             : exinfo->cbsize             = 224
[LOG] SystemI::createSoundInternal             : exinfo->length             = 3657472
[LOG] SystemI::createSoundInternal             : exinfo->fileoffset         = 33280
[LOG] SystemI::createSoundInternal             : exinfo->numsubsounds       = 1
[LOG] SystemI::createSoundInternal             : exinfo->inclusionlist      = 000000B8F371F568
[LOG] SystemI::createSoundInternal             : exinfo->inclusionlistnum   = 1
[LOG] SystemI::createSoundInternal             : exinfo->suggestedsoundtype = 5
[LOG] SystemI::createSoundInternal             : exinfo->useropen           = 00007FFB9C8A0AD0
[LOG] SystemI::createSoundInternal             : exinfo->userclose          = 00007FFB9C8A0AA0
[LOG] SystemI::createSoundInternal             : exinfo->userread           = 00007FFB9C8A0BA0
[LOG] SystemI::createSoundInternal             : exinfo->userseek           = 00007FFB9C8A0C60
[LOG] SystemI::createSoundInternal             : exinfo->fileuserdata       = 00000287FF2B6C58
[LOG] SystemI::createSoundInternal             : exinfo->initialseekpostype = 1
[LOG] SystemI::DSPCodecPoolRegister            : register codec pool for pool type 5
[LOG] SystemI::createSoundInternal             : Sample 0/1: name='sfx_enemyFootstepDirt_09', format=5, channels=2, frequency=48000, lengthbytes=5312, lengthpcm=73841, pcmblocksize=0, loopstart=0, loopend=0, mode=0x00000000, channelmask=0x00000000, channelorder=0, peakvolume=0.073956.
[LOG] SystemI::createSoundInternal             : Create name='', mode=0x02000202
[LOG] SystemI::createSoundInternal             : exinfo->cbsize             = 224
[LOG] SystemI::createSoundInternal             : exinfo->length             = 3657472
[LOG] SystemI::createSoundInternal             : exinfo->fileoffset         = 33280
[LOG] SystemI::createSoundInternal             : exinfo->numsubsounds       = 1
[LOG] SystemI::createSoundInternal             : exinfo->inclusionlist      = 000000B8F371F568
[LOG] SystemI::createSoundInternal             : exinfo->inclusionlistnum   = 1
[LOG] SystemI::createSoundInternal             : exinfo->suggestedsoundtype = 5
[LOG] SystemI::createSoundInternal             : exinfo->useropen           = 00007FFB9C8A0AD0
[LOG] SystemI::createSoundInternal             : exinfo->userclose          = 00007FFB9C8A0AA0
[LOG] SystemI::createSoundInternal             : exinfo->userread           = 00007FFB9C8A0BA0
[LOG] SystemI::createSoundInternal             : exinfo->userseek           = 00007FFB9C8A0C60
[LOG] SystemI::createSoundInternal             : exinfo->fileuserdata       = 00000287FF2B6C58
[LOG] SystemI::createSoundInternal             : exinfo->initialseekpostype = 1
[LOG] SystemI::DSPCodecPoolRegister            : register codec pool for pool type 5
[LOG] SystemI::createSoundInternal             : Sample 0/1: name='sfx_enemyFootstepDirt_05', format=5, channels=2, frequency=48000, lengthbytes=5536, lengthpcm=73841, pcmblocksize=0, loopstart=0, loopend=0, mode=0x00000000, channelmask=0x00000000, channelorder=0, peakvolume=0.242937.
[LOG] SystemI::createSoundInternal             : Create name='', mode=0x02000202
[LOG] SystemI::createSoundInternal             : exinfo->cbsize             = 224
[LOG] SystemI::createSoundInternal             : exinfo->length             = 3657472
[LOG] SystemI::createSoundInternal             : exinfo->fileoffset         = 33280
[LOG] SystemI::createSoundInternal             : exinfo->numsubsounds       = 1
[LOG] SystemI::createSoundInternal             : exinfo->inclusionlist      = 000000B8F371F568
[LOG] SystemI::createSoundInternal             : exinfo->inclusionlistnum   = 1
[LOG] SystemI::createSoundInternal             : exinfo->suggestedsoundtype = 5
[LOG] SystemI::createSoundInternal             : exinfo->useropen           = 00007FFB9C8A0AD0
[LOG] SystemI::createSoundInternal             : exinfo->userclose          = 00007FFB9C8A0AA0
[LOG] SystemI::createSoundInternal             : exinfo->userread           = 00007FFB9C8A0BA0
[LOG] SystemI::createSoundInternal             : exinfo->userseek           = 00007FFB9C8A0C60
[LOG] SystemI::createSoundInternal             : exinfo->fileuserdata       = 00000287FF2B6C58
[LOG] SystemI::createSoundInternal             : exinfo->initialseekpostype = 1
[LOG] SystemI::DSPCodecPoolRegister            : register codec pool for pool type 5
[LOG] SystemI::createSoundInternal             : Sample 0/1: name='sfx_enemyFootstepDirt_06', format=5, channels=2, frequency=48000, lengthbytes=5696, lengthpcm=73841, pcmblocksize=0, loopstart=0, loopend=0, mode=0x00000000, channelmask=0x00000000, channelorder=0, peakvolume=0.146804.
[LOG] SystemI::createSoundInternal             : Create name='', mode=0x02000202
[LOG] SystemI::createSoundInternal             : exinfo->cbsize             = 224
[LOG] SystemI::createSoundInternal             : exinfo->length             = 3657472
[LOG] SystemI::createSoundInternal             : exinfo->fileoffset         = 33280
[LOG] SystemI::createSoundInternal             : exinfo->numsubsounds       = 1
[LOG] SystemI::createSoundInternal             : exinfo->inclusionlist      = 000000B8F371F568
[LOG] SystemI::createSoundInternal             : exinfo->inclusionlistnum   = 1
[LOG] SystemI::createSoundInternal             : exinfo->suggestedsoundtype = 5
[LOG] SystemI::createSoundInternal             : exinfo->useropen           = 00007FFB9C8A0AD0
[LOG] SystemI::createSoundInternal             : exinfo->userclose          = 00007FFB9C8A0AA0
[LOG] SystemI::createSoundInternal             : exinfo->userread           = 00007FFB9C8A0BA0
[LOG] SystemI::createSoundInternal             : exinfo->userseek           = 00007FFB9C8A0C60
[LOG] SystemI::createSoundInternal             : exinfo->fileuserdata       = 00000287FF2B6C58
[LOG] SystemI::createSoundInternal             : exinfo->initialseekpostype = 1
[LOG] SystemI::DSPCodecPoolRegister            : register codec pool for pool type 5
[LOG] SystemI::createSoundInternal             : Sample 0/1: name='sfx_enemyFootstepDirt_08', format=5, channels=2, frequency=48000, lengthbytes=5472, lengthpcm=73841, pcmblocksize=0, loopstart=0, loopend=0, mode=0x00000000, channelmask=0x00000000, channelorder=0, peakvolume=0.136534.
[LOG] SystemI::createSoundInternal             : Create name='', mode=0x02000202
[LOG] SystemI::createSoundInternal             : exinfo->cbsize             = 224
[LOG] SystemI::createSoundInternal             : exinfo->length             = 3657472
[LOG] SystemI::createSoundInternal             : exinfo->fileoffset         = 33280
[LOG] SystemI::createSoundInternal             : exinfo->numsubsounds       = 1
[LOG] SystemI::createSoundInternal             : exinfo->inclusionlist      = 000000B8F371F568
[LOG] SystemI::createSoundInternal             : exinfo->inclusionlistnum   = 1
[LOG] SystemI::createSoundInternal             : exinfo->suggestedsoundtype = 5
[LOG] SystemI::createSoundInternal             : exinfo->useropen           = 00007FFB9C8A0AD0
[LOG] SystemI::createSoundInternal             : exinfo->userclose          = 00007FFB9C8A0AA0
[LOG] SystemI::createSoundInternal             : exinfo->userread           = 00007FFB9C8A0BA0
[LOG] SystemI::createSoundInternal             : exinfo->userseek           = 00007FFB9C8A0C60
[LOG] SystemI::createSoundInternal             : exinfo->fileuserdata       = 00000287FF2B6C58
[LOG] SystemI::createSoundInternal             : exinfo->initialseekpostype = 1
[LOG] SystemI::DSPCodecPoolRegister            : register codec pool for pool type 5
[LOG] SystemI::createSoundInternal             : Sample 0/1: name='sfx_enemyFootstepsGrass_01', format=5, channels=2, frequency=48000, lengthbytes=4416, lengthpcm=22364, pcmblocksize=0, loopstart=0, loopend=0, mode=0x00000000, channelmask=0x00000000, channelorder=0, peakvolume=0.038708.
[LOG] SystemI::createSoundInternal             : Create name='', mode=0x02000202
[LOG] SystemI::createSoundInternal             : exinfo->cbsize             = 224
[LOG] SystemI::createSoundInternal             : exinfo->length             = 3657472
[LOG] SystemI::createSoundInternal             : exinfo->fileoffset         = 33280
[LOG] SystemI::createSoundInternal             : exinfo->numsubsounds       = 1
[LOG] SystemI::createSoundInternal             : exinfo->inclusionlist      = 000000B8F371F568
[LOG] SystemI::createSoundInternal             : exinfo->inclusionlistnum   = 1
[LOG] SystemI::createSoundInternal             : exinfo->suggestedsoundtype = 5
[LOG] SystemI::createSoundInternal             : exinfo->useropen           = 00007FFB9C8A0AD0
[LOG] SystemI::createSoundInternal             : exinfo->userclose          = 00007FFB9C8A0AA0
[LOG] SystemI::createSoundInternal             : exinfo->userread           = 00007FFB9C8A0BA0
[LOG] SystemI::createSoundInternal             : exinfo->userseek           = 00007FFB9C8A0C60
[LOG] SystemI::createSoundInternal             : exinfo->fileuserdata       = 00000287FF2B6C58
[LOG] SystemI::createSoundInternal             : exinfo->initialseekpostype = 1
[LOG] SystemI::DSPCodecPoolRegister            : register codec pool for pool type 5
[LOG] SystemI::createSoundInternal             : Sample 0/1: name='sfx_enemyFootstepDirt_07', format=5, channels=2, frequency=48000, lengthbytes=4832, lengthpcm=73841, pcmblocksize=0, loopstart=0, loopend=0, mode=0x00000000, channelmask=0x00000000, channelorder=0, peakvolume=0.212557.
[LOG] SystemI::createSoundInternal             : Create name='', mode=0x02000202
[LOG] SystemI::createSoundInternal             : exinfo->cbsize             = 224
[LOG] SystemI::createSoundInternal             : exinfo->length             = 3657472
[LOG] SystemI::createSoundInternal             : exinfo->fileoffset         = 33280
[LOG] SystemI::createSoundInternal             : exinfo->numsubsounds       = 1
[LOG] SystemI::createSoundInternal             : exinfo->inclusionlist      = 000000B8F371F568
[LOG] SystemI::createSoundInternal             : exinfo->inclusionlistnum   = 1
[LOG] SystemI::createSoundInternal             : exinfo->suggestedsoundtype = 5
[LOG] SystemI::createSoundInternal             : exinfo->useropen           = 00007FFB9C8A0AD0
[LOG] SystemI::createSoundInternal             : exinfo->userclose          = 00007FFB9C8A0AA0
[LOG] SystemI::createSoundInternal             : exinfo->userread           = 00007FFB9C8A0BA0
[LOG] SystemI::createSoundInternal             : exinfo->userseek           = 00007FFB9C8A0C60
[LOG] SystemI::createSoundInternal             : exinfo->fileuserdata       = 00000287FF2B6C58
[LOG] SystemI::createSoundInternal             : exinfo->initialseekpostype = 1
[LOG] SystemI::DSPCodecPoolRegister            : register codec pool for pool type 5
[LOG] SystemI::createSoundInternal             : Sample 0/1: name='sfx_enemyFootstepsGrass_04', format=5, channels=2, frequency=48000, lengthbytes=3744, lengthpcm=22364, pcmblocksize=0, loopstart=0, loopend=0, mode=0x00000000, channelmask=0x00000000, channelorder=0, peakvolume=0.035275.
[LOG] SystemI::createSoundInternal             : Create name='', mode=0x02000202
[LOG] SystemI::createSoundInternal             : exinfo->cbsize             = 224
[LOG] SystemI::createSoundInternal             : exinfo->length             = 3657472
[LOG] SystemI::createSoundInternal             : exinfo->fileoffset         = 33280
[LOG] SystemI::createSoundInternal             : exinfo->numsubsounds       = 1
[LOG] SystemI::createSoundInternal             : exinfo->inclusionlist      = 000000B8F371F568
[LOG] SystemI::createSoundInternal             : exinfo->inclusionlistnum   = 1
[LOG] SystemI::createSoundInternal             : exinfo->suggestedsoundtype = 5
[LOG] SystemI::createSoundInternal             : exinfo->useropen           = 00007FFB9C8A0AD0
[LOG] SystemI::createSoundInternal             : exinfo->userclose          = 00007FFB9C8A0AA0
[LOG] SystemI::createSoundInternal             : exinfo->userread           = 00007FFB9C8A0BA0
[LOG] SystemI::createSoundInternal             : exinfo->userseek           = 00007FFB9C8A0C60
[LOG] SystemI::createSoundInternal             : exinfo->fileuserdata       = 00000287FF2B6C58
[LOG] SystemI::createSoundInternal             : exinfo->initialseekpostype = 1
[LOG] SystemI::DSPCodecPoolRegister            : register codec pool for pool type 5
[LOG] SystemI::createSoundInternal             : Sample 0/1: name='sfx_enemyFootstepDirt_10', format=5, channels=2, frequency=48000, lengthbytes=5216, lengthpcm=73841, pcmblocksize=0, loopstart=0, loopend=0, mode=0x00000000, channelmask=0x00000000, channelorder=0, peakvolume=0.217269.
[LOG] SystemI::createSoundInternal             : Create name='', mode=0x02000202
[LOG] SystemI::createSoundInternal             : exinfo->cbsize             = 224
[LOG] SystemI::createSoundInternal             : exinfo->length             = 3657472
[LOG] SystemI::createSoundInternal             : exinfo->fileoffset         = 33280
[LOG] SystemI::createSoundInternal             : exinfo->numsubsounds       = 1
[LOG] SystemI::createSoundInternal             : exinfo->inclusionlist      = 000000B8F371F568
[LOG] SystemI::createSoundInternal             : exinfo->inclusionlistnum   = 1
[LOG] SystemI::createSoundInternal             : exinfo->suggestedsoundtype = 5
[LOG] SystemI::createSoundInternal             : exinfo->useropen           = 00007FFB9C8A0AD0
[LOG] SystemI::createSoundInternal             : exinfo->userclose          = 00007FFB9C8A0AA0
[LOG] SystemI::createSoundInternal             : exinfo->userread           = 00007FFB9C8A0BA0
[LOG] SystemI::createSoundInternal             : exinfo->userseek           = 00007FFB9C8A0C60
[LOG] SystemI::createSoundInternal             : exinfo->fileuserdata       = 00000287FF2B6C58
[LOG] SystemI::createSoundInternal             : exinfo->initialseekpostype = 1
[LOG] SystemI::DSPCodecPoolRegister            : register codec pool for pool type 5
[LOG] SystemI::createSoundInternal             : Sample 0/1: name='sfx_enemyFootstepsGrass_03', format=5, channels=2, frequency=48000, lengthbytes=3520, lengthpcm=22364, pcmblocksize=0, loopstart=0, loopend=0, mode=0x00000000, channelmask=0x00000000, channelorder=0, peakvolume=0.064587.
[LOG] SystemI::createSoundInternal             : Create name='', mode=0x02000202
[LOG] SystemI::createSoundInternal             : exinfo->cbsize             = 224
[LOG] SystemI::createSoundInternal             : exinfo->length             = 3657472
[LOG] SystemI::createSoundInternal             : exinfo->fileoffset         = 33280
[LOG] SystemI::createSoundInternal             : exinfo->numsubsounds       = 1
[LOG] SystemI::createSoundInternal             : exinfo->inclusionlist      = 000000B8F371F568
[LOG] SystemI::createSoundInternal             : exinfo->inclusionlistnum   = 1
[LOG] SystemI::createSoundInternal             : exinfo->suggestedsoundtype = 5
[LOG] SystemI::createSoundInternal             : exinfo->useropen           = 00007FFB9C8A0AD0
[LOG] SystemI::createSoundInternal             : exinfo->userclose          = 00007FFB9C8A0AA0
[LOG] SystemI::createSoundInternal             : exinfo->userread           = 00007FFB9C8A0BA0
[LOG] SystemI::createSoundInternal             : exinfo->userseek           = 00007FFB9C8A0C60
[LOG] SystemI::createSoundInternal             : exinfo->fileuserdata       = 00000287FF2B6C58
[LOG] SystemI::createSoundInternal             : exinfo->initialseekpostype = 1
[LOG] SystemI::DSPCodecPoolRegister            : register codec pool for pool type 5
[LOG] SystemI::createSoundInternal             : Sample 0/1: name='sfx_enemyFootstepDirt_01', format=5, channels=2, frequency=48000, lengthbytes=4864, lengthpcm=73841, pcmblocksize=0, loopstart=0, loopend=0, mode=0x00000000, channelmask=0x00000000, channelorder=0, peakvolume=0.148977.
[LOG] SystemI::createSoundInternal             : Create name='', mode=0x02000202
[LOG] SystemI::createSoundInternal             : exinfo->cbsize             = 224
[LOG] SystemI::createSoundInternal             : exinfo->length             = 3657472
[LOG] SystemI::createSoundInternal             : exinfo->fileoffset         = 33280
[LOG] SystemI::createSoundInternal             : exinfo->numsubsounds       = 1
[LOG] SystemI::createSoundInternal             : exinfo->inclusionlist      = 000000B8F371F568
[LOG] SystemI::createSoundInternal             : exinfo->inclusionlistnum   = 1
[LOG] SystemI::createSoundInternal             : exinfo->suggestedsoundtype = 5
[LOG] SystemI::createSoundInternal             : exinfo->useropen           = 00007FFB9C8A0AD0
[LOG] SystemI::createSoundInternal             : exinfo->userclose          = 00007FFB9C8A0AA0
[LOG] SystemI::createSoundInternal             : exinfo->userread           = 00007FFB9C8A0BA0
[LOG] SystemI::createSoundInternal             : exinfo->userseek           = 00007FFB9C8A0C60
[LOG] SystemI::createSoundInternal             : exinfo->fileuserdata       = 00000287FF2B6C58
[LOG] SystemI::createSoundInternal             : exinfo->initialseekpostype = 1
[LOG] SystemI::DSPCodecPoolRegister            : register codec pool for pool type 5
[LOG] SystemI::createSoundInternal             : Sample 0/1: name='sfx_enemyFootstepsGrass_06', format=5, channels=2, frequency=48000, lengthbytes=3648, lengthpcm=22364, pcmblocksize=0, loopstart=0, loopend=0, mode=0x00000000, channelmask=0x00000000, channelorder=0, peakvolume=0.028769.
[LOG] SystemI::createSoundInternal             : Create name='', mode=0x02000202
[LOG] SystemI::createSoundInternal             : exinfo->cbsize             = 224
[LOG] SystemI::createSoundInternal             : exinfo->length             = 3657472
[LOG] SystemI::createSoundInternal             : exinfo->fileoffset         = 33280
[LOG] SystemI::createSoundInternal             : exinfo->numsubsounds       = 1
[LOG] SystemI::createSoundInternal             : exinfo->inclusionlist      = 000000B8F371F568
[LOG] SystemI::createSoundInternal             : exinfo->inclusionlistnum   = 1
[LOG] SystemI::createSoundInternal             : exinfo->suggestedsoundtype = 5
[LOG] SystemI::createSoundInternal             : exinfo->useropen           = 00007FFB9C8A0AD0
[LOG] SystemI::createSoundInternal             : exinfo->userclose          = 00007FFB9C8A0AA0
[LOG] SystemI::createSoundInternal             : exinfo->userread           = 00007FFB9C8A0BA0
[LOG] SystemI::createSoundInternal             : exinfo->userseek           = 00007FFB9C8A0C60
[LOG] SystemI::createSoundInternal             : exinfo->fileuserdata       = 00000287FF2B6C58
[LOG] SystemI::createSoundInternal             : exinfo->initialseekpostype = 1
[LOG] SystemI::DSPCodecPoolRegister            : register codec pool for pool type 5
[LOG] SystemI::createSoundInternal             : Sample 0/1: name='sfx_enemyFootstepsGrass_02', format=5, channels=2, frequency=48000, lengthbytes=4032, lengthpcm=22364, pcmblocksize=0, loopstart=0, loopend=0, mode=0x00000000, channelmask=0x00000000, channelorder=0, peakvolume=0.063934.
[LOG] SystemI::createSoundInternal             : Create name='', mode=0x02000202
[LOG] SystemI::createSoundInternal             : exinfo->cbsize             = 224
[LOG] SystemI::createSoundInternal             : exinfo->length             = 3657472
[LOG] SystemI::createSoundInternal             : exinfo->fileoffset         = 33280
[LOG] SystemI::createSoundInternal             : exinfo->numsubsounds       = 1
[LOG] SystemI::createSoundInternal             : exinfo->inclusionlist      = 000000B8F371F568
[LOG] SystemI::createSoundInternal             : exinfo->inclusionlistnum   = 1
[LOG] SystemI::createSoundInternal             : exinfo->suggestedsoundtype = 5
[LOG] SystemI::createSoundInternal             : exinfo->useropen           = 00007FFB9C8A0AD0
[LOG] SystemI::createSoundInternal             : exinfo->userclose          = 00007FFB9C8A0AA0
[LOG] SystemI::createSoundInternal             : exinfo->userread           = 00007FFB9C8A0BA0
[LOG] SystemI::createSoundInternal             : exinfo->userseek           = 00007FFB9C8A0C60
[LOG] SystemI::createSoundInternal             : exinfo->fileuserdata       = 00000287FF2B6C58
[LOG] SystemI::createSoundInternal             : exinfo->initialseekpostype = 1
[LOG] SystemI::DSPCodecPoolRegister            : register codec pool for pool type 5
[LOG] SystemI::createSoundInternal             : Sample 0/1: name='sfx_enemyFootstepsGrass_07', format=5, channels=2, frequency=48000, lengthbytes=3552, lengthpcm=22364, pcmblocksize=0, loopstart=0, loopend=0, mode=0x00000000, channelmask=0x00000000, channelorder=0, peakvolume=0.022020.
[LOG] SystemI::createSoundInternal             : Create name='', mode=0x02000202
[LOG] SystemI::createSoundInternal             : exinfo->cbsize             = 224
[LOG] SystemI::createSoundInternal             : exinfo->length             = 3657472
[LOG] SystemI::createSoundInternal             : exinfo->fileoffset         = 33280
[LOG] SystemI::createSoundInternal             : exinfo->numsubsounds       = 1
[LOG] SystemI::createSoundInternal             : exinfo->inclusionlist      = 000000B8F371F568
[LOG] SystemI::createSoundInternal             : exinfo->inclusionlistnum   = 1
[LOG] SystemI::createSoundInternal             : exinfo->suggestedsoundtype = 5
[LOG] SystemI::createSoundInternal             : exinfo->useropen           = 00007FFB9C8A0AD0
[LOG] SystemI::createSoundInternal             : exinfo->userclose          = 00007FFB9C8A0AA0
[LOG] SystemI::createSoundInternal             : exinfo->userread           = 00007FFB9C8A0BA0
[LOG] SystemI::createSoundInternal             : exinfo->userseek           = 00007FFB9C8A0C60
[LOG] SystemI::createSoundInternal             : exinfo->fileuserdata       = 00000287FF2B6C58
[LOG] SystemI::createSoundInternal             : exinfo->initialseekpostype = 1
[LOG] SystemI::DSPCodecPoolRegister            : register codec pool for pool type 5
[LOG] SystemI::createSoundInternal             : Sample 0/1: name='sfx_enemyFootstepDirt_03', format=5, channels=2, frequency=48000, lengthbytes=5408, lengthpcm=73841, pcmblocksize=0, loopstart=0, loopend=0, mode=0x00000000, channelmask=0x00000000, channelorder=0, peakvolume=0.184904.
[LOG] SystemI::createSoundInternal             : Create name='', mode=0x02000202
[LOG] SystemI::createSoundInternal             : exinfo->cbsize             = 224
[LOG] SystemI::createSoundInternal             : exinfo->length             = 3657472
[LOG] SystemI::createSoundInternal             : exinfo->fileoffset         = 33280
[LOG] SystemI::createSoundInternal             : exinfo->numsubsounds       = 1
[LOG] SystemI::createSoundInternal             : exinfo->inclusionlist      = 000000B8F371F568
[LOG] SystemI::createSoundInternal             : exinfo->inclusionlistnum   = 1
[LOG] SystemI::createSoundInternal             : exinfo->suggestedsoundtype = 5
[LOG] SystemI::createSoundInternal             : exinfo->useropen           = 00007FFB9C8A0AD0
[LOG] SystemI::createSoundInternal             : exinfo->userclose          = 00007FFB9C8A0AA0
[LOG] SystemI::createSoundInternal             : exinfo->userread           = 00007FFB9C8A0BA0
[LOG] SystemI::createSoundInternal             : exinfo->userseek           = 00007FFB9C8A0C60
[LOG] SystemI::createSoundInternal             : exinfo->fileuserdata       = 00000287FF2B6C58
[LOG] SystemI::createSoundInternal             : exinfo->initialseekpostype = 1
[LOG] SystemI::DSPCodecPoolRegister            : register codec pool for pool type 5
[LOG] SystemI::createSoundInternal             : Sample 0/1: name='sfx_enemyFootstepsGrass_08', format=5, channels=2, frequency=48000, lengthbytes=3808, lengthpcm=22364, pcmblocksize=0, loopstart=0, loopend=0, mode=0x00000000, channelmask=0x00000000, channelorder=0, peakvolume=0.013379.
[LOG] SystemI::createSoundInternal             : Create name='', mode=0x02000202
[LOG] SystemI::createSoundInternal             : exinfo->cbsize             = 224
[LOG] SystemI::createSoundInternal             : exinfo->length             = 3657472
[LOG] SystemI::createSoundInternal             : exinfo->fileoffset         = 33280
[LOG] SystemI::createSoundInternal             : exinfo->numsubsounds       = 1
[LOG] SystemI::createSoundInternal             : exinfo->inclusionlist      = 000000B8F371F568
[LOG] SystemI::createSoundInternal             : exinfo->inclusionlistnum   = 1
[LOG] SystemI::createSoundInternal             : exinfo->suggestedsoundtype = 5
[LOG] SystemI::createSoundInternal             : exinfo->useropen           = 00007FFB9C8A0AD0
[LOG] SystemI::createSoundInternal             : exinfo->userclose          = 00007FFB9C8A0AA0
[LOG] SystemI::createSoundInternal             : exinfo->userread           = 00007FFB9C8A0BA0
[LOG] SystemI::createSoundInternal             : exinfo->userseek           = 00007FFB9C8A0C60
[LOG] SystemI::createSoundInternal             : exinfo->fileuserdata       = 00000287FF2B6C58
[LOG] SystemI::createSoundInternal             : exinfo->initialseekpostype = 1
[LOG] SystemI::DSPCodecPoolRegister            : register codec pool for pool type 5
[LOG] SystemI::createSoundInternal             : Sample 0/1: name='sfx_enemyFootstepsGrass_05', format=5, channels=2, frequency=48000, lengthbytes=3360, lengthpcm=22364, pcmblocksize=0, loopstart=0, loopend=0, mode=0x00000000, channelmask=0x00000000, channelorder=0, peakvolume=0.032615.
[LOG] SystemI::createSoundInternal             : Create name='', mode=0x02000202
[LOG] SystemI::createSoundInternal             : exinfo->cbsize             = 224
[LOG] SystemI::createSoundInternal             : exinfo->length             = 3657472
[LOG] SystemI::createSoundInternal             : exinfo->fileoffset         = 33280
[LOG] SystemI::createSoundInternal             : exinfo->numsubsounds       = 1
[LOG] SystemI::createSoundInternal             : exinfo->inclusionlist      = 000000B8F371F568
[LOG] SystemI::createSoundInternal             : exinfo->inclusionlistnum   = 1
[LOG] SystemI::createSoundInternal             : exinfo->suggestedsoundtype = 5
[LOG] SystemI::createSoundInternal             : exinfo->useropen           = 00007FFB9C8A0AD0
[LOG] SystemI::createSoundInternal             : exinfo->userclose          = 00007FFB9C8A0AA0
[LOG] SystemI::createSoundInternal             : exinfo->userread           = 00007FFB9C8A0BA0
[LOG] SystemI::createSoundInternal             : exinfo->userseek           = 00007FFB9C8A0C60
[LOG] SystemI::createSoundInternal             : exinfo->fileuserdata       = 00000287FF2B6C58
[LOG] SystemI::createSoundInternal             : exinfo->initialseekpostype = 1
[LOG] SystemI::DSPCodecPoolRegister            : register codec pool for pool type 5
[LOG] SystemI::createSoundInternal             : Sample 0/1: name='sfx_enemyFootstepDirt_02', format=5, channels=2, frequency=48000, lengthbytes=5856, lengthpcm=73841, pcmblocksize=0, loopstart=0, loopend=0, mode=0x00000000, channelmask=0x00000000, channelorder=0, peakvolume=0.141921.
[LOG] SystemI::createSoundInternal             : Create name='', mode=0x02000202
[LOG] SystemI::createSoundInternal             : exinfo->cbsize             = 224
[LOG] SystemI::createSoundInternal             : exinfo->length             = 3657472
[LOG] SystemI::createSoundInternal             : exinfo->fileoffset         = 33280
[LOG] SystemI::createSoundInternal             : exinfo->numsubsounds       = 1
[LOG] SystemI::createSoundInternal             : exinfo->inclusionlist      = 000000B8F371F568
[LOG] SystemI::createSoundInternal             : exinfo->inclusionlistnum   = 1
[LOG] SystemI::createSoundInternal             : exinfo->suggestedsoundtype = 5
[LOG] SystemI::createSoundInternal             : exinfo->useropen           = 00007FFB9C8A0AD0
[LOG] SystemI::createSoundInternal             : exinfo->userclose          = 00007FFB9C8A0AA0
[LOG] SystemI::createSoundInternal             : exinfo->userread           = 00007FFB9C8A0BA0
[LOG] SystemI::createSoundInternal             : exinfo->userseek           = 00007FFB9C8A0C60
[LOG] SystemI::createSoundInternal             : exinfo->fileuserdata       = 00000287FF2B6C58
[LOG] SystemI::createSoundInternal             : exinfo->initialseekpostype = 1
[LOG] SystemI::DSPCodecPoolRegister            : register codec pool for pool type 5
[LOG] SystemI::createSoundInternal             : Sample 0/1: name='sfx_enemyFootstepsGrass_10', format=5, channels=2, frequency=48000, lengthbytes=2848, lengthpcm=22364, pcmblocksize=0, loopstart=0, loopend=0, mode=0x00000000, channelmask=0x00000000, channelorder=0, peakvolume=0.013533.
[LOG] SystemI::createSoundInternal             : Create name='', mode=0x02000202
[LOG] SystemI::createSoundInternal             : exinfo->cbsize             = 224
[LOG] SystemI::createSoundInternal             : exinfo->length             = 3657472
[LOG] SystemI::createSoundInternal             : exinfo->fileoffset         = 33280
[LOG] SystemI::createSoundInternal             : exinfo->numsubsounds       = 1
[LOG] SystemI::createSoundInternal             : exinfo->inclusionlist      = 000000B8F371F568
[LOG] SystemI::createSoundInternal             : exinfo->inclusionlistnum   = 1
[LOG] SystemI::createSoundInternal             : exinfo->suggestedsoundtype = 5
[LOG] SystemI::createSoundInternal             : exinfo->useropen           = 00007FFB9C8A0AD0
[LOG] SystemI::createSoundInternal             : exinfo->userclose          = 00007FFB9C8A0AA0
[LOG] SystemI::createSoundInternal             : exinfo->userread           = 00007FFB9C8A0BA0
[LOG] SystemI::createSoundInternal             : exinfo->userseek           = 00007FFB9C8A0C60
[LOG] SystemI::createSoundInternal             : exinfo->fileuserdata       = 00000287FF2B6C58
[LOG] SystemI::createSoundInternal             : exinfo->initialseekpostype = 1
[LOG] SystemI::DSPCodecPoolRegister            : register codec pool for pool type 5
[LOG] SystemI::createSoundInternal             : Sample 0/1: name='sfx_enemyFootstepDirt_04', format=5, channels=2, frequency=48000, lengthbytes=5056, lengthpcm=73841, pcmblocksize=0, loopstart=0, loopend=0, mode=0x00000000, channelmask=0x00000000, channelorder=0, peakvolume=0.082236.
[LOG] SystemI::createSoundInternal             : Create name='', mode=0x02000202
[LOG] SystemI::createSoundInternal             : exinfo->cbsize             = 224
[LOG] SystemI::createSoundInternal             : exinfo->length             = 3657472
[LOG] SystemI::createSoundInternal             : exinfo->fileoffset         = 33280
[LOG] SystemI::createSoundInternal             : exinfo->numsubsounds       = 1
[LOG] SystemI::createSoundInternal             : exinfo->inclusionlist      = 000000B8F371F568
[LOG] SystemI::createSoundInternal             : exinfo->inclusionlistnum   = 1
[LOG] SystemI::createSoundInternal             : exinfo->suggestedsoundtype = 5
[LOG] SystemI::createSoundInternal             : exinfo->useropen           = 00007FFB9C8A0AD0
[LOG] SystemI::createSoundInternal             : exinfo->userclose          = 00007FFB9C8A0AA0
[LOG] SystemI::createSoundInternal             : exinfo->userread           = 00007FFB9C8A0BA0
[LOG] SystemI::createSoundInternal             : exinfo->userseek           = 00007FFB9C8A0C60
[LOG] SystemI::createSoundInternal             : exinfo->fileuserdata       = 00000287FF2B6C58
[LOG] SystemI::createSoundInternal             : exinfo->initialseekpostype = 1
[LOG] SystemI::DSPCodecPoolRegister            : register codec pool for pool type 5
[LOG] SystemI::createSoundInternal             : Sample 0/1: name='sfx_enemyFootstepsGrass_09', format=5, channels=2, frequency=48000, lengthbytes=3072, lengthpcm=22364, pcmblocksize=0, loopstart=0, loopend=0, mode=0x00000000, channelmask=0x00000000, channelorder=0, peakvolume=0.018497.
[LOG] SoundI::release                          : EQUIP YOUR EARS (0000028733753BD8)
[LOG] SoundI::release                          :     EQUIP YOUR EARS (00000286E354A188)
[LOG] SoundI::release                          :     EQUIP YOUR EARS (0000028733757388)
[LOG] SystemI::createSound                     : filename = Assets/Desktop/Master.bank : mode 02010082
[LOG] SystemI::createSound                     : FMOD_NONBLOCKING specified.  Putting into queue to be opened asynchronously!
[LOG] SystemI::createSound                     : setdata soundi = 0000028733753BD8 : node = 000002872B057E70
[LOG] SystemI::createSound                     : add node to async list : head = 0000028525B32668.  list count = 0
[LOG] AsyncThread::threadFunc                  : Starting Asynchronous operation on sound 0000028733753BD8
[LOG] SystemI::createSoundInternal             :     Create name='Assets/Desktop/Master.bank', mode=0x02010082
[LOG] SystemI::createSoundInternal             :     exinfo->cbsize             = 224
[LOG] SystemI::createSoundInternal             :     exinfo->length             = 3657472
[LOG] SystemI::createSoundInternal             :     exinfo->fileoffset         = 33280
[LOG] SystemI::createSoundInternal             :     exinfo->numsubsounds       = 1
[LOG] SystemI::createSoundInternal             :     exinfo->inclusionlist      = 000002872B057F80
[LOG] SystemI::createSoundInternal             :     exinfo->inclusionlistnum   = 1
[LOG] SystemI::createSoundInternal             :     exinfo->suggestedsoundtype = 5
[LOG] SystemI::createSoundInternal             :     exinfo->initialseekpostype = 1
[LOG] SystemI::createSoundInternal             :     Stream 0/1: name='Ears Equipped', format=5, channels=2, frequency=48000, lengthbytes=430016, lengthpcm=2448000, pcmblocksize=0, loopstart=0, loopend=0, mode=0x00000000, channelmask=0x00000000, channelorder=0, peakvolume=0.363435.
[LOG] AsyncThread::threadFunc                  : Finished Asynchronous operation on sound 0000028733753BD8
[LOG] AsyncThread::threadFunc                  : Starting Asynchronous operation on sound 0000028733755528
[LOG] AsyncThread::threadFunc                  : Finished Asynchronous operation on sound 0000028733755528
[LOG] SystemI::createSound                     : filename = Assets/Desktop/Master.bank : mode 02010082
[LOG] SystemI::createSound                     : FMOD_NONBLOCKING specified.  Putting into queue to be opened asynchronously!
[LOG] SystemI::createSound                     : setdata soundi = 0000028733757388 : node = 000002872B057FB0
[LOG] SystemI::createSound                     : add node to async list : head = 0000028525B32668.  list count = 0
[LOG] AsyncThread::threadFunc                  : Starting Asynchronous operation on sound 0000028733757388
[LOG] SystemI::createSoundInternal             :     Create name='Assets/Desktop/Master.bank', mode=0x02010082
[LOG] SystemI::createSoundInternal             :     exinfo->cbsize             = 224
[LOG] SystemI::createSoundInternal             :     exinfo->length             = 3657472
[LOG] SystemI::createSoundInternal             :     exinfo->fileoffset         = 33280
[LOG] SystemI::createSoundInternal             :     exinfo->numsubsounds       = 1
[LOG] SystemI::createSoundInternal             :     exinfo->inclusionlist      = 000002872B0580C0
[LOG] SystemI::createSoundInternal             :     exinfo->inclusionlistnum   = 1
[LOG] SystemI::createSoundInternal             :     exinfo->suggestedsoundtype = 5
[LOG] SystemI::createSoundInternal             :     exinfo->initialseekpostype = 1
[LOG] SystemI::createSoundInternal             :     Stream 0/1: name='Panting 02', format=5, channels=2, frequency=48000, lengthbytes=135712, lengthpcm=720000, pcmblocksize=0, loopstart=0, loopend=0, mode=0x00000000, channelmask=0x00000000, channelorder=0, peakvolume=0.346363.
[LOG] AsyncThread::threadFunc                  : Finished Asynchronous operation on sound 0000028733757388
[LOG] SoundI::release                          : Panting (00000287337567B8)
[LOG] SoundI::release                          :     Panting (00000286E354AB48)
[LOG] SoundI::release                          :     Panting (0000028733757DA8)
[LOG] SoundI::release                          : Panting 02 (0000028733753368)
[LOG] SoundI::release                          :     Panting 02 (00000286E3549CA8)
[LOG] SoundI::release                          :     Panting 02 (0000028733753878)
[LOG] SoundI::release                          : Panting 02 (0000028733757388)
[LOG] SoundI::release                          :     Panting 02 (000002873394A508)
[LOG] SoundI::release                          :     Panting 02 (000002873375A478)
[LOG] SoundI::release                          : Ears Equipped (0000028733753BD8)
[LOG] SoundI::release                          :     Ears Equipped (000002873394B208)
[LOG] SoundI::release                          :     Ears Equipped (0000028733755528)
[LOG] SoundI::release                          : Wind_Interior_Stereo_01 (00000287337531B8)
[LOG] SoundI::release                          :     Wind_Interior_Stereo_01 (00000286E35492E8)
[LOG] SoundI::release                          :     Wind_Interior_Stereo_01 (0000028733753518)
[LOG] SoundI::release                          : Opening Gameplay Intro (0000028733754E68)
[LOG] SoundI::release                          :     Opening Gameplay Intro (00000286E3549FE8)
[LOG] SoundI::release                          :     Opening Gameplay Intro (0000028733756E78)
[LOG] SoundI::release                          :  (00000287FEAC6098)
[LOG] SoundI::release                          :     sfx_enemyFootstepDirt_07 (000002873394F7E8)
[LOG] SoundI::release                          :  (00000287FF0ED5E8)
[LOG] SoundI::release                          :     sfx_enemyFootstepDirt_04 (000002873394DC48)
[LOG] SoundI::release                          :  (00000287FF0EB7B8)
[LOG] SoundI::release                          :     sfx_enemyFootstepDirt_02 (000002873394A028)
[LOG] SoundI::release                          :  (00000287FEAC5C48)
[LOG] SoundI::release                          :     sfx_enemyFootstepDirt_06 (0000028730960F78)
[LOG] SoundI::release                          :  (00000287FEAC6AA8)
[LOG] SoundI::release                          :     sfx_enemyFootstepDirt_09 (000002873421BAF8)
[LOG] SoundI::release                          :  (00000287FF0ECBD8)
[LOG] SoundI::release                          :     sfx_enemyFootstepDirt_01 (000002873394EAE8)
[LOG] SoundI::release                          :  (00000287FF0EB648)
[LOG] SoundI::release                          :     sfx_enemyFootstepDirt_03 (000002873394E608)
[LOG] SoundI::release                          :  (00000287FEAC5DB8)
[LOG] SoundI::release                          :     sfx_enemyFootstepDirt_08 (000002873394F648)
[LOG] SoundI::release                          :  (00000287FEAC5968)
[LOG] SoundI::release                          :     sfx_enemyFootstepDirt_05 (000002872B32B898)
[LOG] SoundI::release                          :  (00000287FEAC6378)
[LOG] SoundI::release                          :     sfx_enemyFootstepDirt_10 (000002873394BA28)
[LOG] SoundI::release                          :  (00000287FEAC5F28)
[LOG] SoundI::release                          :     sfx_enemyFootstepsGrass_01 (0000028733949E88)
[LOG] SoundI::release                          :  (00000287FF0ED028)
[LOG] SoundI::release                          :     sfx_enemyFootstepsGrass_02 (000002873394C728)
[LOG] SoundI::release                          :  (00000287FEAC6658)
[LOG] SoundI::release                          :     sfx_enemyFootstepsGrass_03 (0000028733950008)
[LOG] SoundI::release                          :  (00000287FEAC6208)
[LOG] SoundI::release                          :     sfx_enemyFootstepsGrass_04 (000002873394F988)
[LOG] SoundI::release                          :  (00000287FF0ED478)
[LOG] SoundI::release                          :     sfx_enemyFootstepsGrass_05 (000002873394A368)
[LOG] SoundI::release                          :  (00000287FF0EDA38)
[LOG] SoundI::release                          :     sfx_enemyFootstepsGrass_06 (000002873394DAA8)
[LOG] SoundI::release                          :  (00000287FF0EDFF8)
[LOG] SoundI::release                          :     sfx_enemyFootstepsGrass_07 (000002873394CC08)
[LOG] SoundI::release                          :  (00000287FF0ECEB8)
[LOG] SoundI::release                          :     sfx_enemyFootstepsGrass_08 (000002873394AD28)
[LOG] SoundI::release                          :  (00000287FF0ED308)
[LOG] SoundI::release                          :     sfx_enemyFootstepsGrass_09 (000002873394D288)
[LOG] SoundI::release                          :  (00000287FF0EC338)
[LOG] SoundI::release                          :     sfx_enemyFootstepsGrass_10 (000002873394B888)
[LOG] Thread::callback                         : FMOD Studio update thread finished.
[LOG] Thread::callback                         : FMOD Studio bank load thread finished.
[LOG] Profile::disconnectAll                   : Profiler disconnecting all clients
[LOG] Thread::callback                         : FMOD Studio sample load thread finished.
[LOG] LiveUpdate::release                      : 
[LOG] LiveUpdate::reset                        : Reset connection (reason Disconnected)
[LOG] Thread::callback                         : FMOD stream thread finished.
[LOG] Thread::callback                         : FMOD mixer thread finished.
[LOG] Profile::disconnectAll                   : Profiler disconnecting all clients
[LOG] SystemI::close                           : Closed.
